TN:
SF:src/index.ts
FN:5,main
FN:35,(anonymous_9)
FNF:2
FNH:0
FNDA:0,main
FNDA:0,(anonymous_9)
DA:1,0
DA:2,0
DA:3,0
DA:6,0
DA:14,0
DA:15,0
DA:16,0
DA:18,0
DA:30,0
DA:32,0
DA:35,0
LF:11
LH:0
BRDA:10,0,0,0
BRDA:10,0,1,0
BRDA:16,1,0,0
BRDA:16,1,1,0
BRDA:16,2,0,0
BRDA:16,2,1,0
BRDA:16,3,0,0
BRDA:16,3,1,0
BRDA:16,4,0,0
BRDA:16,4,1,0
BRDA:21,5,0,0
BRDA:21,5,1,0
BRF:12
BRH:0
end_of_record
TN:
SF:src/email/email.client.ts
FN:5,(anonymous_8)
FN:7,(anonymous_9)
FN:11,(anonymous_11)
FN:12,(anonymous_12)
FN:13,(anonymous_13)
FN:16,(anonymous_14)
FN:23,(anonymous_15)
FN:24,(anonymous_16)
FN:24,(anonymous_17)
FN:31,(anonymous_18)
FN:39,(anonymous_19)
FN:47,stream2Buffer
FN:48,(anonymous_21)
FN:50,(anonymous_22)
FN:51,(anonymous_23)
FNF:15
FNH:13
FNDA:1,(anonymous_8)
FNDA:1,(anonymous_9)
FNDA:1,(anonymous_11)
FNDA:1,(anonymous_12)
FNDA:1,(anonymous_13)
FNDA:1,(anonymous_14)
FNDA:16,(anonymous_15)
FNDA:16,(anonymous_16)
FNDA:16,(anonymous_17)
FNDA:0,(anonymous_18)
FNDA:0,(anonymous_19)
FNDA:16,stream2Buffer
FNDA:16,(anonymous_21)
FNDA:240,(anonymous_22)
FNDA:15,(anonymous_23)
DA:1,1
DA:2,1
DA:4,1
DA:5,1
DA:8,1
DA:9,1
DA:11,1
DA:12,1
DA:13,1
DA:14,1
DA:16,1
DA:17,1
DA:19,1
DA:23,1
DA:24,16
DA:25,16
DA:26,15
DA:27,15
DA:30,1
DA:31,1
DA:32,0
DA:33,0
DA:38,1
DA:39,1
DA:40,1
DA:43,0
DA:48,16
DA:49,16
DA:50,240
DA:51,16
DA:52,16
LF:31
LH:28
BRDA:14,0,0,0
BRDA:17,1,0,0
BRF:2
BRH:0
end_of_record
TN:
SF:src/email/email.service.ts
FN:4,(anonymous_7)
FN:6,(anonymous_8)
FNF:2
FNH:2
FNDA:1,(anonymous_7)
FNDA:1,(anonymous_8)
DA:3,1
DA:4,1
DA:7,1
DA:13,1
LF:4
LH:4
BRF:0
BRH:0
end_of_record
TN:
SF:src/email/index.ts
FN:5,(anonymous_7)
FN:26,(anonymous_8)
FN:76,(anonymous_10)
FN:98,oo_cm
FN:98,oo_oo
FN:98,oo_tr
FN:98,oo_ts
FN:98,oo_te
FNF:8
FNH:5
FNDA:15,(anonymous_7)
FNDA:15,(anonymous_8)
FNDA:15,(anonymous_10)
FNDA:2,oo_cm
FNDA:2,oo_oo
FNDA:0,oo_tr
FNDA:0,oo_ts
FNDA:0,oo_te
DA:1,1
DA:4,1
DA:6,15
DA:7,15
DA:8,15
DA:9,15
DA:10,15
DA:11,15
DA:12,15
DA:13,15
DA:14,15
DA:15,15
DA:16,15
DA:17,15
DA:18,15
DA:19,15
DA:20,15
DA:21,15
DA:22,15
DA:23,15
DA:27,15
DA:46,15
DA:48,15
DA:68,15
DA:70,15
DA:79,15
DA:81,15
DA:82,15
DA:83,5
DA:85,5
DA:87,2
DA:88,2
DA:90,2
DA:92,2
DA:98,2
LF:35
LH:35
BRDA:49,0,0,0
BRDA:49,0,1,15
BRDA:49,1,0,15
BRDA:49,1,1,15
BRDA:81,2,0,15
BRDA:85,3,0,3
BRDA:87,4,0,2
BRDA:88,5,0,0
BRDA:88,5,1,2
BRDA:88,6,0,2
BRDA:88,6,1,2
BRDA:98,7,0,2
BRDA:98,7,1,1
BRF:13
BRH:11
end_of_record
